mode: atomic
github.com/itbellissimo/ratelimit/middleware/rate_limit.go:13.64,14.71 1 2
github.com/itbellissimo/ratelimit/middleware/rate_limit.go:14.71,17.60 2 29
github.com/itbellissimo/ratelimit/middleware/rate_limit.go:54.3,57.24 3 26
github.com/itbellissimo/ratelimit/middleware/rate_limit.go:74.3,75.87 2 26
github.com/itbellissimo/ratelimit/middleware/rate_limit.go:83.3,85.68 3 26
github.com/itbellissimo/ratelimit/middleware/rate_limit.go:17.60,25.65 3 3
github.com/itbellissimo/ratelimit/middleware/rate_limit.go:34.4,34.22 1 2
github.com/itbellissimo/ratelimit/middleware/rate_limit.go:40.4,41.20 2 1
github.com/itbellissimo/ratelimit/middleware/rate_limit.go:49.4,51.10 3 1
github.com/itbellissimo/ratelimit/middleware/rate_limit.go:25.65,28.19 3 1
github.com/itbellissimo/ratelimit/middleware/rate_limit.go:31.5,31.11 1 1
github.com/itbellissimo/ratelimit/middleware/rate_limit.go:28.19,30.6 1 0
github.com/itbellissimo/ratelimit/middleware/rate_limit.go:34.22,38.5 3 1
github.com/itbellissimo/ratelimit/middleware/rate_limit.go:41.20,42.51 1 1
github.com/itbellissimo/ratelimit/middleware/rate_limit.go:42.51,46.6 3 0
github.com/itbellissimo/ratelimit/middleware/rate_limit.go:57.24,60.20 3 26
github.com/itbellissimo/ratelimit/middleware/rate_limit.go:60.20,62.36 2 22
github.com/itbellissimo/ratelimit/middleware/rate_limit.go:70.5,70.26 1 22
github.com/itbellissimo/ratelimit/middleware/rate_limit.go:62.36,65.20 3 10
github.com/itbellissimo/ratelimit/middleware/rate_limit.go:65.20,67.7 1 0
github.com/itbellissimo/ratelimit/middleware/rate_limit.go:75.87,78.18 3 0
github.com/itbellissimo/ratelimit/middleware/rate_limit.go:78.18,80.5 1 0
github.com/itbellissimo/ratelimit/pkg/ratelimit/rate_limit.go:58.77,61.2 1 1
github.com/itbellissimo/ratelimit/pkg/ratelimit/rate_limit.go:63.61,68.2 1 10
github.com/itbellissimo/ratelimit/pkg/ratelimit/rate_limit.go:70.42,72.2 1 1
github.com/itbellissimo/ratelimit/pkg/ratelimit/rate_limit.go:74.54,77.2 2 0
github.com/itbellissimo/ratelimit/pkg/ratelimit/rate_limit.go:79.72,80.19 1 5
github.com/itbellissimo/ratelimit/pkg/ratelimit/rate_limit.go:84.2,84.30 1 4
github.com/itbellissimo/ratelimit/pkg/ratelimit/rate_limit.go:100.2,100.10 1 4
github.com/itbellissimo/ratelimit/pkg/ratelimit/rate_limit.go:80.19,82.3 1 1
github.com/itbellissimo/ratelimit/pkg/ratelimit/rate_limit.go:84.30,85.48 1 8
github.com/itbellissimo/ratelimit/pkg/ratelimit/rate_limit.go:85.48,87.30 2 32
github.com/itbellissimo/ratelimit/pkg/ratelimit/rate_limit.go:91.4,92.18 2 0
github.com/itbellissimo/ratelimit/pkg/ratelimit/rate_limit.go:96.4,96.18 1 0
github.com/itbellissimo/ratelimit/pkg/ratelimit/rate_limit.go:87.30,88.13 1 32
github.com/itbellissimo/ratelimit/pkg/ratelimit/rate_limit.go:92.18,93.13 1 0
github.com/itbellissimo/ratelimit/pkg/ratelimit/rate_limit.go:104.77,105.19 1 32
github.com/itbellissimo/ratelimit/pkg/ratelimit/rate_limit.go:109.2,109.30 1 16
github.com/itbellissimo/ratelimit/pkg/ratelimit/rate_limit.go:131.2,131.14 1 8
github.com/itbellissimo/ratelimit/pkg/ratelimit/rate_limit.go:105.19,107.3 1 16
github.com/itbellissimo/ratelimit/pkg/ratelimit/rate_limit.go:109.30,110.48 1 16
github.com/itbellissimo/ratelimit/pkg/ratelimit/rate_limit.go:110.48,111.30 1 40
github.com/itbellissimo/ratelimit/pkg/ratelimit/rate_limit.go:115.4,116.18 2 16
github.com/itbellissimo/ratelimit/pkg/ratelimit/rate_limit.go:120.4,121.18 2 16
github.com/itbellissimo/ratelimit/pkg/ratelimit/rate_limit.go:125.4,125.33 1 16
github.com/itbellissimo/ratelimit/pkg/ratelimit/rate_limit.go:111.30,112.13 1 24
github.com/itbellissimo/ratelimit/pkg/ratelimit/rate_limit.go:116.18,117.13 1 0
github.com/itbellissimo/ratelimit/pkg/ratelimit/rate_limit.go:121.18,122.13 1 0
github.com/itbellissimo/ratelimit/pkg/ratelimit/rate_limit.go:125.33,127.5 1 8
github.com/itbellissimo/ratelimit/pkg/ratelimit/rate_limit.go:139.12,146.47 6 12
github.com/itbellissimo/ratelimit/pkg/ratelimit/rate_limit.go:200.2,200.12 1 12
github.com/itbellissimo/ratelimit/pkg/ratelimit/rate_limit.go:146.47,150.26 2 48
github.com/itbellissimo/ratelimit/pkg/ratelimit/rate_limit.go:163.3,164.53 2 11
github.com/itbellissimo/ratelimit/pkg/ratelimit/rate_limit.go:169.3,169.40 1 11
github.com/itbellissimo/ratelimit/pkg/ratelimit/rate_limit.go:150.27,152.4 0 0
github.com/itbellissimo/ratelimit/pkg/ratelimit/rate_limit.go:152.9,154.18 2 48
github.com/itbellissimo/ratelimit/pkg/ratelimit/rate_limit.go:158.4,158.43 1 48
github.com/itbellissimo/ratelimit/pkg/ratelimit/rate_limit.go:154.18,156.5 1 0
github.com/itbellissimo/ratelimit/pkg/ratelimit/rate_limit.go:158.43,159.13 1 37
github.com/itbellissimo/ratelimit/pkg/ratelimit/rate_limit.go:164.53,166.12 2 0
github.com/itbellissimo/ratelimit/pkg/ratelimit/rate_limit.go:169.40,171.17 2 11
github.com/itbellissimo/ratelimit/pkg/ratelimit/rate_limit.go:178.4,179.25 2 11
github.com/itbellissimo/ratelimit/pkg/ratelimit/rate_limit.go:186.4,186.20 1 11
github.com/itbellissimo/ratelimit/pkg/ratelimit/rate_limit.go:190.4,194.67 1 11
github.com/itbellissimo/ratelimit/pkg/ratelimit/rate_limit.go:171.17,173.19 2 2
github.com/itbellissimo/ratelimit/pkg/ratelimit/rate_limit.go:173.19,174.14 1 0
github.com/itbellissimo/ratelimit/pkg/ratelimit/rate_limit.go:179.25,181.19 2 5
github.com/itbellissimo/ratelimit/pkg/ratelimit/rate_limit.go:181.19,182.14 1 0
github.com/itbellissimo/ratelimit/pkg/ratelimit/rate_limit.go:186.20,187.13 1 0
github.com/itbellissimo/ratelimit/pkg/ratelimit/rate_limit.go:194.67,197.5 1 10
github.com/itbellissimo/ratelimit/pkg/ratelimit/rate_limit.go:203.136,205.2 1 1
github.com/itbellissimo/ratelimit/pkg/ratelimit/rate_limit.go:207.74,208.19 1 3
github.com/itbellissimo/ratelimit/pkg/ratelimit/rate_limit.go:212.2,212.30 1 2
github.com/itbellissimo/ratelimit/pkg/ratelimit/rate_limit.go:225.2,225.12 1 2
github.com/itbellissimo/ratelimit/pkg/ratelimit/rate_limit.go:208.19,210.3 1 1
github.com/itbellissimo/ratelimit/pkg/ratelimit/rate_limit.go:212.30,213.48 1 4
github.com/itbellissimo/ratelimit/pkg/ratelimit/rate_limit.go:213.48,214.30 1 16
github.com/itbellissimo/ratelimit/pkg/ratelimit/rate_limit.go:218.4,219.18 2 0
github.com/itbellissimo/ratelimit/pkg/ratelimit/rate_limit.go:214.30,215.13 1 16
github.com/itbellissimo/ratelimit/pkg/ratelimit/rate_limit.go:219.18,221.5 1 0
github.com/itbellissimo/ratelimit/pkg/ratelimit/storage/memory.go:23.36,28.2 1 16
github.com/itbellissimo/ratelimit/pkg/ratelimit/storage/memory.go:31.65,37.2 4 2
github.com/itbellissimo/ratelimit/pkg/ratelimit/storage/memory.go:40.88,45.39 4 16
github.com/itbellissimo/ratelimit/pkg/ratelimit/storage/memory.go:50.2,51.16 2 12
github.com/itbellissimo/ratelimit/pkg/ratelimit/storage/memory.go:54.2,59.20 4 12
github.com/itbellissimo/ratelimit/pkg/ratelimit/storage/memory.go:45.39,48.3 2 4
github.com/itbellissimo/ratelimit/pkg/ratelimit/storage/memory.go:51.16,53.3 1 0
github.com/itbellissimo/ratelimit/pkg/ratelimit/storage/memory.go:63.89,68.34 4 8
github.com/itbellissimo/ratelimit/pkg/ratelimit/storage/memory.go:73.2,74.16 2 6
github.com/itbellissimo/ratelimit/pkg/ratelimit/storage/memory.go:77.2,82.20 4 6
github.com/itbellissimo/ratelimit/pkg/ratelimit/storage/memory.go:68.34,71.3 2 2
github.com/itbellissimo/ratelimit/pkg/ratelimit/storage/memory.go:74.16,76.3 1 0
github.com/itbellissimo/ratelimit/pkg/ratelimit/storage/memory.go:86.76,90.39 3 34
github.com/itbellissimo/ratelimit/pkg/ratelimit/storage/memory.go:94.2,94.33 1 16
github.com/itbellissimo/ratelimit/pkg/ratelimit/storage/memory.go:90.39,92.3 1 18
github.com/itbellissimo/ratelimit/pkg/ratelimit/storage/memory.go:98.93,99.19 1 21
github.com/itbellissimo/ratelimit/pkg/ratelimit/storage/memory.go:103.2,110.12 6 20
github.com/itbellissimo/ratelimit/pkg/ratelimit/storage/memory.go:99.19,101.3 1 1
github.com/itbellissimo/ratelimit/pkg/ratelimit/storage/memory.go:114.70,118.27 3 2
github.com/itbellissimo/ratelimit/pkg/ratelimit/storage/memory.go:127.2,127.12 1 2
github.com/itbellissimo/ratelimit/pkg/ratelimit/storage/memory.go:118.27,122.17 4 2
github.com/itbellissimo/ratelimit/pkg/ratelimit/storage/memory.go:122.17,124.4 1 0
github.com/itbellissimo/ratelimit/pkg/ratelimit/storage/memory.go:131.56,137.29 5 1
github.com/itbellissimo/ratelimit/pkg/ratelimit/storage/memory.go:143.2,146.12 3 1
github.com/itbellissimo/ratelimit/pkg/ratelimit/storage/memory.go:137.29,138.16 1 5
github.com/itbellissimo/ratelimit/pkg/ratelimit/storage/memory.go:138.16,140.4 1 0
github.com/itbellissimo/ratelimit/pkg/ratelimit/storage/memory.go:150.52,155.35 4 3
github.com/itbellissimo/ratelimit/pkg/ratelimit/storage/memory.go:163.2,163.12 1 3
github.com/itbellissimo/ratelimit/pkg/ratelimit/storage/memory.go:155.35,156.16 1 1
github.com/itbellissimo/ratelimit/pkg/ratelimit/storage/memory.go:160.3,160.27 1 1
github.com/itbellissimo/ratelimit/pkg/ratelimit/storage/memory.go:156.16,158.4 1 0
github.com/itbellissimo/ratelimit/pkg/ratelimit/storage/memory.go:167.67,169.9 2 21
github.com/itbellissimo/ratelimit/pkg/ratelimit/storage/memory.go:173.2,174.16 2 19
github.com/itbellissimo/ratelimit/pkg/ratelimit/storage/memory.go:178.2,178.20 1 19
github.com/itbellissimo/ratelimit/pkg/ratelimit/storage/memory.go:169.9,171.3 1 2
github.com/itbellissimo/ratelimit/pkg/ratelimit/storage/memory.go:174.16,176.3 1 0
github.com/itbellissimo/ratelimit/pkg/ratelimit/storage/memory.go:181.83,182.29 1 39
github.com/itbellissimo/ratelimit/pkg/ratelimit/storage/memory.go:186.2,188.35 3 31
github.com/itbellissimo/ratelimit/pkg/ratelimit/storage/memory.go:191.2,194.12 3 15
github.com/itbellissimo/ratelimit/pkg/ratelimit/storage/memory.go:182.29,184.3 1 8
github.com/itbellissimo/ratelimit/pkg/ratelimit/storage/memory.go:188.35,190.3 1 16
github.com/itbellissimo/ratelimit/pkg/ratelimit/storage/memory.go:194.12,195.10 1 15
github.com/itbellissimo/ratelimit/pkg/ratelimit/storage/memory.go:196.14,203.22 6 7
github.com/itbellissimo/ratelimit/pkg/ratelimit/storage/memory.go:204.21,205.17 1 0
github.com/itbellissimo/ratelimit/pkg/ratelimit/storage/memory.go:209.4,212.10 4 0
github.com/itbellissimo/ratelimit/pkg/ratelimit/storage/memory.go:205.17,207.5 1 0
